[0.749s] Invoking command in '/home/quadg/robot_controller/src/robot_controller': PYTHONPATH=/home/quadg/robot_controller/build/robot_controller/prefix_override:/usr/lib/python3/dist-packages/colcon_core/task/python/colcon_distutils_commands:/home/quadg/robot_controller/install/robot_controller/lib/python3.12/site-packages:${PYTHONPATH} /usr/bin/python3 -W ignore:setup.py install is deprecated -W ignore:easy_install command is deprecated setup.py egg_info --egg-base ../../build/robot_controller build --build-base /home/quadg/robot_controller/build/robot_controller/build install --record /home/quadg/robot_controller/build/robot_controller/install.log --single-version-externally-managed install_data
[0.908s] running egg_info
[0.919s] writing ../../build/robot_controller/robot_controller.egg-info/PKG-INFO
[0.920s] writing dependency_links to ../../build/robot_controller/robot_controller.egg-info/dependency_links.txt
[0.920s] writing entry points to ../../build/robot_controller/robot_controller.egg-info/entry_points.txt
[0.920s] writing requirements to ../../build/robot_controller/robot_controller.egg-info/requires.txt
[0.921s] writing top-level names to ../../build/robot_controller/robot_controller.egg-info/top_level.txt
[0.943s] reading manifest file '../../build/robot_controller/robot_controller.egg-info/SOURCES.txt'
[0.944s] writing manifest file '../../build/robot_controller/robot_controller.egg-info/SOURCES.txt'
[0.944s] running build
[0.944s] running build_py
[0.945s] copying robot_controller/controller_node.py -> /home/quadg/robot_controller/build/robot_controller/build/lib/robot_controller
[0.947s] running install
[0.951s] running install_lib
[0.962s] copying /home/quadg/robot_controller/build/robot_controller/build/lib/robot_controller/controller_node.py -> /home/quadg/robot_controller/install/robot_controller/lib/python3.12/site-packages/robot_controller
[0.965s] byte-compiling /home/quadg/robot_controller/install/robot_controller/lib/python3.12/site-packages/robot_controller/controller_node.py to controller_node.cpython-312.pyc
[0.966s] running install_data
[0.966s] running install_egg_info
[0.978s] removing '/home/quadg/robot_controller/install/robot_controller/lib/python3.12/site-packages/robot_controller-0.0.0-py3.12.egg-info' (and everything under it)
[0.978s] Copying ../../build/robot_controller/robot_controller.egg-info to /home/quadg/robot_controller/install/robot_controller/lib/python3.12/site-packages/robot_controller-0.0.0-py3.12.egg-info
[0.980s] running install_scripts
[1.054s] Installing mock_backend script to /home/quadg/robot_controller/install/robot_controller/lib/robot_controller
[1.054s] Installing robot_controller_node script to /home/quadg/robot_controller/install/robot_controller/lib/robot_controller
[1.054s] Installing scan_routine_node script to /home/quadg/robot_controller/install/robot_controller/lib/robot_controller
[1.055s] writing list of installed files to '/home/quadg/robot_controller/build/robot_controller/install.log'
[1.073s] Invoked command in '/home/quadg/robot_controller/src/robot_controller' returned '0': PYTHONPATH=/home/quadg/robot_controller/build/robot_controller/prefix_override:/usr/lib/python3/dist-packages/colcon_core/task/python/colcon_distutils_commands:/home/quadg/robot_controller/install/robot_controller/lib/python3.12/site-packages:${PYTHONPATH} /usr/bin/python3 -W ignore:setup.py install is deprecated -W ignore:easy_install command is deprecated setup.py egg_info --egg-base ../../build/robot_controller build --build-base /home/quadg/robot_controller/build/robot_controller/build install --record /home/quadg/robot_controller/build/robot_controller/install.log --single-version-externally-managed install_data
