[0.495s] Invoking command in '/home/quadg/robot_controller/src/robot_controller': PS1=(venv) \[\e]0;\u@\h: \w\a\]${debian_chroot:+($debian_chroot)}\[\033[01;32m\]\u@\h\[\033[00m\]:\[\033[01;34m\]\w\[\033[00m\]\$ PYTHONPATH=/home/quadg/robot_controller/build/robot_controller/prefix_override:/usr/lib/python3/dist-packages/colcon_core/task/python/colcon_distutils_commands:/home/quadg/robot_controller/install/robot_controller/lib/python3.12/site-packages:${PYTHONPATH} VIRTUAL_ENV_PROMPT=(venv) /usr/bin/python3 -W ignore:setup.py install is deprecated -W ignore:easy_install command is deprecated setup.py egg_info --egg-base ../../build/robot_controller build --build-base /home/quadg/robot_controller/build/robot_controller/build install --record /home/quadg/robot_controller/build/robot_controller/install.log --single-version-externally-managed install_data
[0.654s] running egg_info
[0.664s] writing ../../build/robot_controller/robot_controller.egg-info/PKG-INFO
[0.665s] writing dependency_links to ../../build/robot_controller/robot_controller.egg-info/dependency_links.txt
[0.665s] writing entry points to ../../build/robot_controller/robot_controller.egg-info/entry_points.txt
[0.665s] writing requirements to ../../build/robot_controller/robot_controller.egg-info/requires.txt
[0.665s] writing top-level names to ../../build/robot_controller/robot_controller.egg-info/top_level.txt
[0.686s] reading manifest file '../../build/robot_controller/robot_controller.egg-info/SOURCES.txt'
[0.687s] writing manifest file '../../build/robot_controller/robot_controller.egg-info/SOURCES.txt'
[0.687s] running build
[0.687s] running build_py
[0.687s] running install
[0.691s] running install_lib
[0.702s] running install_data
[0.702s] running install_egg_info
[0.713s] removing '/home/quadg/robot_controller/install/robot_controller/lib/python3.12/site-packages/robot_controller-0.0.0-py3.12.egg-info' (and everything under it)
[0.713s] Copying ../../build/robot_controller/robot_controller.egg-info to /home/quadg/robot_controller/install/robot_controller/lib/python3.12/site-packages/robot_controller-0.0.0-py3.12.egg-info
[0.714s] running install_scripts
[0.787s] Installing mock_backend script to /home/quadg/robot_controller/install/robot_controller/lib/robot_controller
[0.787s] Installing robot_controller_node script to /home/quadg/robot_controller/install/robot_controller/lib/robot_controller
[0.787s] Installing scan_routine_node script to /home/quadg/robot_controller/install/robot_controller/lib/robot_controller
[0.788s] writing list of installed files to '/home/quadg/robot_controller/build/robot_controller/install.log'
[0.805s] Invoked command in '/home/quadg/robot_controller/src/robot_controller' returned '0': PS1=(venv) \[\e]0;\u@\h: \w\a\]${debian_chroot:+($debian_chroot)}\[\033[01;32m\]\u@\h\[\033[00m\]:\[\033[01;34m\]\w\[\033[00m\]\$ PYTHONPATH=/home/quadg/robot_controller/build/robot_controller/prefix_override:/usr/lib/python3/dist-packages/colcon_core/task/python/colcon_distutils_commands:/home/quadg/robot_controller/install/robot_controller/lib/python3.12/site-packages:${PYTHONPATH} VIRTUAL_ENV_PROMPT=(venv) /usr/bin/python3 -W ignore:setup.py install is deprecated -W ignore:easy_install command is deprecated setup.py egg_info --egg-base ../../build/robot_controller build --build-base /home/quadg/robot_controller/build/robot_controller/build install --record /home/quadg/robot_controller/build/robot_controller/install.log --single-version-externally-managed install_data
