[0.598s] Invoking command in '/home/quadg/robot_controller/src/robot_controller': PYTHONPATH=/home/quadg/robot_controller/build/robot_controller/prefix_override:/usr/lib/python3/dist-packages/colcon_core/task/python/colcon_distutils_commands:/home/quadg/robot_controller/install/robot_controller/lib/python3.12/site-packages: /usr/bin/python3 -W ignore:setup.py install is deprecated -W ignore:easy_install command is deprecated setup.py egg_info --egg-base ../../build/robot_controller build --build-base /home/quadg/robot_controller/build/robot_controller/build install --record /home/quadg/robot_controller/build/robot_controller/install.log --single-version-externally-managed install_data
[0.714s] running egg_info
[0.714s] creating ../../build/robot_controller/robot_controller.egg-info
[0.720s] writing ../../build/robot_controller/robot_controller.egg-info/PKG-INFO
[0.720s] writing dependency_links to ../../build/robot_controller/robot_controller.egg-info/dependency_links.txt
[0.720s] writing requirements to ../../build/robot_controller/robot_controller.egg-info/requires.txt
[0.720s] writing top-level names to ../../build/robot_controller/robot_controller.egg-info/top_level.txt
[0.721s] writing manifest file '../../build/robot_controller/robot_controller.egg-info/SOURCES.txt'
[0.732s] reading manifest file '../../build/robot_controller/robot_controller.egg-info/SOURCES.txt'
[0.733s] writing manifest file '../../build/robot_controller/robot_controller.egg-info/SOURCES.txt'
[0.733s] running build
[0.733s] running build_py
[0.733s] creating /home/quadg/robot_controller/build/robot_controller/build
[0.733s] creating /home/quadg/robot_controller/build/robot_controller/build/lib
[0.733s] creating /home/quadg/robot_controller/build/robot_controller/build/lib/robot_controller
[0.734s] copying robot_controller/__init__.py -> /home/quadg/robot_controller/build/robot_controller/build/lib/robot_controller
[0.734s] copying robot_controller/scan_routine.py -> /home/quadg/robot_controller/build/robot_controller/build/lib/robot_controller
[0.734s] copying robot_controller/controller_node.py -> /home/quadg/robot_controller/build/robot_controller/build/lib/robot_controller
[0.734s] running install
[0.738s] running install_lib
[0.743s] creating /home/quadg/robot_controller/install/robot_controller/lib/python3.12/site-packages/robot_controller
[0.744s] copying /home/quadg/robot_controller/build/robot_controller/build/lib/robot_controller/__init__.py -> /home/quadg/robot_controller/install/robot_controller/lib/python3.12/site-packages/robot_controller
[0.744s] copying /home/quadg/robot_controller/build/robot_controller/build/lib/robot_controller/scan_routine.py -> /home/quadg/robot_controller/install/robot_controller/lib/python3.12/site-packages/robot_controller
[0.744s] copying /home/quadg/robot_controller/build/robot_controller/build/lib/robot_controller/controller_node.py -> /home/quadg/robot_controller/install/robot_controller/lib/python3.12/site-packages/robot_controller
[0.744s] byte-compiling /home/quadg/robot_controller/install/robot_controller/lib/python3.12/site-packages/robot_controller/__init__.py to __init__.cpython-312.pyc
[0.744s] byte-compiling /home/quadg/robot_controller/install/robot_controller/lib/python3.12/site-packages/robot_controller/scan_routine.py to scan_routine.cpython-312.pyc
[0.746s] byte-compiling /home/quadg/robot_controller/install/robot_controller/lib/python3.12/site-packages/robot_controller/controller_node.py to controller_node.cpython-312.pyc
[0.747s] running install_data
[0.747s] creating /home/quadg/robot_controller/install/robot_controller/share/ament_index
[0.747s] creating /home/quadg/robot_controller/install/robot_controller/share/ament_index/resource_index
[0.747s] creating /home/quadg/robot_controller/install/robot_controller/share/ament_index/resource_index/packages
[0.747s] copying resource/robot_controller -> /home/quadg/robot_controller/install/robot_controller/share/ament_index/resource_index/packages
[0.747s] copying package.xml -> /home/quadg/robot_controller/install/robot_controller/share/robot_controller
[0.747s] running install_egg_info
[0.754s] Copying ../../build/robot_controller/robot_controller.egg-info to /home/quadg/robot_controller/install/robot_controller/lib/python3.12/site-packages/robot_controller-0.0.0-py3.12.egg-info
[0.755s] running install_scripts
[0.807s] writing list of installed files to '/home/quadg/robot_controller/build/robot_controller/install.log'
[0.824s] Invoked command in '/home/quadg/robot_controller/src/robot_controller' returned '0': PYTHONPATH=/home/quadg/robot_controller/build/robot_controller/prefix_override:/usr/lib/python3/dist-packages/colcon_core/task/python/colcon_distutils_commands:/home/quadg/robot_controller/install/robot_controller/lib/python3.12/site-packages: /usr/bin/python3 -W ignore:setup.py install is deprecated -W ignore:easy_install command is deprecated setup.py egg_info --egg-base ../../build/robot_controller build --build-base /home/quadg/robot_controller/build/robot_controller/build install --record /home/quadg/robot_controller/build/robot_controller/install.log --single-version-externally-managed install_data
