[0.751s] Invoking command in '/home/quadg/robot_controller/src/robot_controller': PYTHONPATH=/home/quadg/robot_controller/build/robot_controller/prefix_override:/usr/lib/python3/dist-packages/colcon_core/task/python/colcon_distutils_commands:/home/quadg/robot_controller/install/robot_controller/lib/python3.12/site-packages:${PYTHONPATH} /usr/bin/python3 -W ignore:setup.py install is deprecated -W ignore:easy_install command is deprecated setup.py egg_info --egg-base ../../build/robot_controller build --build-base /home/quadg/robot_controller/build/robot_controller/build install --record /home/quadg/robot_controller/build/robot_controller/install.log --single-version-externally-managed install_data
[0.909s] running egg_info
[0.920s] writing ../../build/robot_controller/robot_controller.egg-info/PKG-INFO
[0.920s] writing dependency_links to ../../build/robot_controller/robot_controller.egg-info/dependency_links.txt
[0.920s] writing entry points to ../../build/robot_controller/robot_controller.egg-info/entry_points.txt
[0.921s] writing requirements to ../../build/robot_controller/robot_controller.egg-info/requires.txt
[0.921s] writing top-level names to ../../build/robot_controller/robot_controller.egg-info/top_level.txt
[0.942s] reading manifest file '../../build/robot_controller/robot_controller.egg-info/SOURCES.txt'
[0.944s] writing manifest file '../../build/robot_controller/robot_controller.egg-info/SOURCES.txt'
[0.944s] running build
[0.944s] running build_py
[0.944s] running install
[0.948s] running install_lib
[0.960s] running install_data
[0.960s] running install_egg_info
[0.972s] removing '/home/quadg/robot_controller/install/robot_controller/lib/python3.12/site-packages/robot_controller-0.0.0-py3.12.egg-info' (and everything under it)
[0.972s] Copying ../../build/robot_controller/robot_controller.egg-info to /home/quadg/robot_controller/install/robot_controller/lib/python3.12/site-packages/robot_controller-0.0.0-py3.12.egg-info
[0.974s] running install_scripts
[1.049s] Installing robot_controller_node script to /home/quadg/robot_controller/install/robot_controller/lib/robot_controller
[1.049s] writing list of installed files to '/home/quadg/robot_controller/build/robot_controller/install.log'
[1.067s] Invoked command in '/home/quadg/robot_controller/src/robot_controller' returned '0': PYTHONPATH=/home/quadg/robot_controller/build/robot_controller/prefix_override:/usr/lib/python3/dist-packages/colcon_core/task/python/colcon_distutils_commands:/home/quadg/robot_controller/install/robot_controller/lib/python3.12/site-packages:${PYTHONPATH} /usr/bin/python3 -W ignore:setup.py install is deprecated -W ignore:easy_install command is deprecated setup.py egg_info --egg-base ../../build/robot_controller build --build-base /home/quadg/robot_controller/build/robot_controller/build install --record /home/quadg/robot_controller/build/robot_controller/install.log --single-version-externally-managed install_data
