/home/quadg/robot_controller/install/robot_controller/lib/python3.12/site-packages/robot_controller/__init__.py
/home/quadg/robot_controller/install/robot_controller/lib/python3.12/site-packages/robot_controller/scan_routine.py
/home/quadg/robot_controller/install/robot_controller/lib/python3.12/site-packages/robot_controller/controller_node.py
/home/quadg/robot_controller/install/robot_controller/lib/python3.12/site-packages/robot_controller/mock_backend_node.py
/home/quadg/robot_controller/install/robot_controller/lib/python3.12/site-packages/robot_controller/__pycache__/__init__.cpython-312.pyc
/home/quadg/robot_controller/install/robot_controller/lib/python3.12/site-packages/robot_controller/__pycache__/scan_routine.cpython-312.pyc
/home/quadg/robot_controller/install/robot_controller/lib/python3.12/site-packages/robot_controller/__pycache__/controller_node.cpython-312.pyc
/home/quadg/robot_controller/install/robot_controller/lib/python3.12/site-packages/robot_controller/__pycache__/mock_backend_node.cpython-312.pyc
/home/quadg/robot_controller/install/robot_controller/share/ament_index/resource_index/packages/robot_controller
/home/quadg/robot_controller/install/robot_controller/share/robot_controller/package.xml
/home/quadg/robot_controller/install/robot_controller/lib/python3.12/site-packages/robot_controller-0.0.0-py3.12.egg-info/PKG-INFO
/home/quadg/robot_controller/install/robot_controller/lib/python3.12/site-packages/robot_controller-0.0.0-py3.12.egg-info/zip-safe
/home/quadg/robot_controller/install/robot_controller/lib/python3.12/site-packages/robot_controller-0.0.0-py3.12.egg-info/dependency_links.txt
/home/quadg/robot_controller/install/robot_controller/lib/python3.12/site-packages/robot_controller-0.0.0-py3.12.egg-info/SOURCES.txt
/home/quadg/robot_controller/install/robot_controller/lib/python3.12/site-packages/robot_controller-0.0.0-py3.12.egg-info/requires.txt
/home/quadg/robot_controller/install/robot_controller/lib/python3.12/site-packages/robot_controller-0.0.0-py3.12.egg-info/top_level.txt
/home/quadg/robot_controller/install/robot_controller/lib/python3.12/site-packages/robot_controller-0.0.0-py3.12.egg-info/entry_points.txt
/home/quadg/robot_controller/install/robot_controller/lib/robot_controller/mock_backend
/home/quadg/robot_controller/install/robot_controller/lib/robot_controller/robot_controller_node
/home/quadg/robot_controller/install/robot_controller/lib/robot_controller/scan_routine_node
