[0.377s] Invoking command in '/home/quadg/robot_controller/src/robot_controller': PYTHONPATH=/home/quadg/robot_controller/build/robot_controller/prefix_override:/usr/lib/python3/dist-packages/colcon_core/task/python/colcon_distutils_commands:/home/quadg/robot_controller/install/robot_controller/lib/python3.12/site-packages: /usr/bin/python3 -W ignore:setup.py install is deprecated -W ignore:easy_install command is deprecated setup.py egg_info --egg-base ../../build/robot_controller build --build-base /home/quadg/robot_controller/build/robot_controller/build install --record /home/quadg/robot_controller/build/robot_controller/install.log --single-version-externally-managed install_data
[0.494s] running egg_info
[0.499s] writing ../../build/robot_controller/robot_controller.egg-info/PKG-INFO
[0.500s] writing dependency_links to ../../build/robot_controller/robot_controller.egg-info/dependency_links.txt
[0.500s] writing entry points to ../../build/robot_controller/robot_controller.egg-info/entry_points.txt
[0.500s] writing requirements to ../../build/robot_controller/robot_controller.egg-info/requires.txt
[0.500s] writing top-level names to ../../build/robot_controller/robot_controller.egg-info/top_level.txt
[0.512s] reading manifest file '../../build/robot_controller/robot_controller.egg-info/SOURCES.txt'
[0.513s] writing manifest file '../../build/robot_controller/robot_controller.egg-info/SOURCES.txt'
[0.513s] running build
[0.513s] running build_py
[0.513s] running install
[0.517s] running install_lib
[0.523s] running install_data
[0.523s] running install_egg_info
[0.530s] removing '/home/quadg/robot_controller/install/robot_controller/lib/python3.12/site-packages/robot_controller-0.0.0-py3.12.egg-info' (and everything under it)
[0.530s] Copying ../../build/robot_controller/robot_controller.egg-info to /home/quadg/robot_controller/install/robot_controller/lib/python3.12/site-packages/robot_controller-0.0.0-py3.12.egg-info
[0.531s] running install_scripts
[0.583s] Installing mock_backend script to /home/quadg/robot_controller/install/robot_controller/lib/robot_controller
[0.583s] Installing robot_controller_node script to /home/quadg/robot_controller/install/robot_controller/lib/robot_controller
[0.583s] writing list of installed files to '/home/quadg/robot_controller/build/robot_controller/install.log'
[0.599s] Invoked command in '/home/quadg/robot_controller/src/robot_controller' returned '0': PYTHONPATH=/home/quadg/robot_controller/build/robot_controller/prefix_override:/usr/lib/python3/dist-packages/colcon_core/task/python/colcon_distutils_commands:/home/quadg/robot_controller/install/robot_controller/lib/python3.12/site-packages: /usr/bin/python3 -W ignore:setup.py install is deprecated -W ignore:easy_install command is deprecated setup.py egg_info --egg-base ../../build/robot_controller build --build-base /home/quadg/robot_controller/build/robot_controller/build install --record /home/quadg/robot_controller/build/robot_controller/install.log --single-version-externally-managed install_data
